2021-08-06_01-13-45 [main] INFO  o.s.b.t.c.SpringBootTestContextBootstrapper - Neither @ContextConfiguration nor @ContextHierarchy found for test class [com.cts.pensioner.detail.exception.PensionerDetailExceptionTest], using SpringBootContextLoader
2021-08-06_01-13-45 [main] INFO  o.s.t.c.s.AbstractContextLoader - Could not detect default resource locations for test class [com.cts.pensioner.detail.exception.PensionerDetailExceptionTest]: no resource found for suffixes {-context.xml, Context.groovy}.
2021-08-06_01-13-45 [main] INFO  o.s.t.c.s.AnnotationConfigContextLoaderUtils - Could not detect default configuration classes for test class [com.cts.pensioner.detail.exception.PensionerDetailExceptionTest]: PensionerDetailExceptionTest does not declare any static, non-private, non-final, nested classes annotated with @Configuration.
2021-08-06_01-13-45 [main] INFO  o.s.b.t.c.SpringBootTestContextBootstrapper - Found @SpringBootConfiguration com.cts.pensioner.detail.PensionerDetailMicroserviceApplication for test class com.cts.pensioner.detail.exception.PensionerDetailExceptionTest
2021-08-06_01-13-45 [main] INFO  o.s.b.t.c.SpringBootTestContextBootstrapper - Loaded default TestExecutionListener class names from location [META-INF/spring.factories]: [org.springframework.boot.test.mock.mockito.MockitoTestExecutionListener, org.springframework.boot.test.mock.mockito.ResetMocksTestExecutionListener, org.springframework.boot.test.autoconfigure.restdocs.RestDocsTestExecutionListener, org.springframework.boot.test.autoconfigure.web.client.MockRestServiceServerResetTestExecutionListener, org.springframework.boot.test.autoconfigure.web.servlet.MockMvcPrintOnlyOnFailureTestExecutionListener, org.springframework.boot.test.autoconfigure.web.servlet.WebDriverTestExecutionListener, org.springframework.boot.test.autoconfigure.webservices.client.MockWebServiceServerTestExecutionListener, org.springframework.test.context.web.ServletTestExecutionListener, org.springframework.test.context.support.DirtiesContextBeforeModesTestExecutionListener, org.springframework.test.context.event.ApplicationEventsTestExecutionListener, org.springframework.test.context.support.DependencyInjectionTestExecutionListener, org.springframework.test.context.support.DirtiesContextTestExecutionListener, org.springframework.test.context.transaction.TransactionalTestExecutionListener, org.springframework.test.context.jdbc.SqlScriptsTestExecutionListener, org.springframework.test.context.event.EventPublishingTestExecutionListener]
2021-08-06_01-13-45 [main] INFO  o.s.b.t.c.SpringBootTestContextBootstrapper - Using TestExecutionListeners: [org.springframework.test.context.web.ServletTestExecutionListener@7ef2d7a6, org.springframework.test.context.support.DirtiesContextBeforeModesTestExecutionListener@5dcbb60, org.springframework.test.context.event.ApplicationEventsTestExecutionListener@4c36250e, org.springframework.boot.test.mock.mockito.MockitoTestExecutionListener@21526f6c, org.springframework.boot.test.autoconfigure.SpringBootDependencyInjectionTestExecutionListener@49f5c307, org.springframework.test.context.support.DirtiesContextTestExecutionListener@299266e2, org.springframework.test.context.transaction.TransactionalTestExecutionListener@5471388b, org.springframework.test.context.jdbc.SqlScriptsTestExecutionListener@66ea1466, org.springframework.test.context.event.EventPublishingTestExecutionListener@1601e47, org.springframework.boot.test.mock.mockito.ResetMocksTestExecutionListener@3bffddff, org.springframework.boot.test.autoconfigure.restdocs.RestDocsTestExecutionListener@66971f6b, org.springframework.boot.test.autoconfigure.web.client.MockRestServiceServerResetTestExecutionListener@50687efb, org.springframework.boot.test.autoconfigure.web.servlet.MockMvcPrintOnlyOnFailureTestExecutionListener@517bd097, org.springframework.boot.test.autoconfigure.web.servlet.WebDriverTestExecutionListener@142eef62, org.springframework.boot.test.autoconfigure.webservices.client.MockWebServiceServerTestExecutionListener@4a9cc6cb]
2021-08-06_01-13-49 [main] INFO  c.c.p.d.e.PensionerDetailExceptionTest - Starting PensionerDetailExceptionTest using Java 15.0.2 on LAPTOP-0KPSBF10 with PID 13320 (started by Kishore in C:\Users\kisho\OneDrive\Documents\cts\Pension-Management\Pension-Management\Pensioner-Detail-Microservice)
2021-08-06_01-13-49 [main] INFO  c.c.p.d.e.PensionerDetailExceptionTest - No active profile set, falling back to default profiles: default
2021-08-06_01-13-49 [main] INFO  o.s.d.r.c.RepositoryConfigurationDelegate - Bootstrapping Spring Data JPA repositories in DEFAULT mode.
2021-08-06_01-13-49 [main] INFO  o.s.d.r.c.RepositoryConfigurationDelegate - Finished Spring Data repository scanning in 139 ms. Found 1 JPA repository interfaces.
2021-08-06_01-13-49 [main] INFO  o.s.cloud.context.scope.GenericScope - BeanFactory id=e207eda6-c004-3a32-abe5-1a171d28a71a
2021-08-06_01-13-49 [main] INFO  o.s.c.s.PostProcessorRegistrationDelegate$BeanPostProcessorChecker - Bean 'com.cts.pensioner.detail.feignclient.AuthorisingClient' of type [org.springframework.cloud.openfeign.FeignClientFactoryBean] is not eligible for getting processed by all BeanPostProcessors (for example: not eligible for auto-proxying)
2021-08-06_01-13-49 [main] INFO  com.zaxxer.hikari.HikariDataSource - HikariPool-1 - Starting...
2021-08-06_01-13-49 [main] INFO  com.zaxxer.hikari.HikariDataSource - HikariPool-1 - Start completed.
2021-08-06_01-13-49 [main] INFO  o.s.o.j.LocalContainerEntityManagerFactoryBean - Initialized JPA EntityManagerFactory for persistence unit 'default'
2021-08-06_01-13-49 [main] INFO  o.s.b.a.h.H2ConsoleAutoConfiguration - H2 console available at '/db'. Database available at 'jdbc:h2:mem:ipms_db'
2021-08-06_01-13-49 [main] INFO  o.s.b.a.e.web.EndpointLinksResolver - Exposing 2 endpoint(s) beneath base path '/actuator'
2021-08-06_01-13-49 [main] INFO  s.d.s.w.PropertySourcedRequestMappingHandlerMapping - Mapped URL path [/v2/api-docs] onto method [springfox.documentation.swagger2.web.Swagger2Controller#getDocumentation(String, HttpServletRequest)]
2021-08-06_01-13-49 [main] INFO  o.s.s.c.ThreadPoolTaskExecutor - Initializing ExecutorService 'applicationTaskExecutor'
2021-08-06_01-13-49 [main] INFO  s.d.s.w.p.DocumentationPluginsBootstrapper - Context refreshed
2021-08-06_01-13-49 [main] INFO  s.d.s.w.p.DocumentationPluginsBootstrapper - Found 1 custom documentation plugin(s)
2021-08-06_01-13-49 [main] INFO  s.d.s.w.s.ApiListingReferenceScanner - Scanning for api listing references
2021-08-06_01-13-49 [main] INFO  s.d.s.w.r.o.CachingOperationNameGenerator - Generating unique operation named: handleUsingGET_1
2021-08-06_01-13-49 [main] INFO  s.d.s.w.r.o.CachingOperationNameGenerator - Generating unique operation named: handleUsingGET_2
2021-08-06_01-13-49 [main] INFO  c.c.p.d.e.PensionerDetailExceptionTest - Started PensionerDetailExceptionTest in 18.477 seconds (JVM running for 22.928)
2021-08-06_01-13-49 [main] INFO  o.s.b.t.c.SpringBootTestContextBootstrapper - Neither @ContextConfiguration nor @ContextHierarchy found for test class [com.cts.pensioner.detail.PensionerDetailMicroserviceApplicationTests], using SpringBootContextLoader
2021-08-06_01-13-49 [main] INFO  o.s.t.c.s.AbstractContextLoader - Could not detect default resource locations for test class [com.cts.pensioner.detail.PensionerDetailMicroserviceApplicationTests]: no resource found for suffixes {-context.xml, Context.groovy}.
2021-08-06_01-13-49 [main] INFO  o.s.t.c.s.AnnotationConfigContextLoaderUtils - Could not detect default configuration classes for test class [com.cts.pensioner.detail.PensionerDetailMicroserviceApplicationTests]: PensionerDetailMicroserviceApplicationTests does not declare any static, non-private, non-final, nested classes annotated with @Configuration.
2021-08-06_01-13-49 [main] INFO  o.s.b.t.c.SpringBootTestContextBootstrapper - Found @SpringBootConfiguration com.cts.pensioner.detail.PensionerDetailMicroserviceApplication for test class com.cts.pensioner.detail.PensionerDetailMicroserviceApplicationTests
2021-08-06_01-13-49 [main] INFO  o.s.b.t.c.SpringBootTestContextBootstrapper - Loaded default TestExecutionListener class names from location [META-INF/spring.factories]: [org.springframework.boot.test.mock.mockito.MockitoTestExecutionListener, org.springframework.boot.test.mock.mockito.ResetMocksTestExecutionListener, org.springframework.boot.test.autoconfigure.restdocs.RestDocsTestExecutionListener, org.springframework.boot.test.autoconfigure.web.client.MockRestServiceServerResetTestExecutionListener, org.springframework.boot.test.autoconfigure.web.servlet.MockMvcPrintOnlyOnFailureTestExecutionListener, org.springframework.boot.test.autoconfigure.web.servlet.WebDriverTestExecutionListener, org.springframework.boot.test.autoconfigure.webservices.client.MockWebServiceServerTestExecutionListener, org.springframework.test.context.web.ServletTestExecutionListener, org.springframework.test.context.support.DirtiesContextBeforeModesTestExecutionListener, org.springframework.test.context.event.ApplicationEventsTestExecutionListener, org.springframework.test.context.support.DependencyInjectionTestExecutionListener, org.springframework.test.context.support.DirtiesContextTestExecutionListener, org.springframework.test.context.transaction.TransactionalTestExecutionListener, org.springframework.test.context.jdbc.SqlScriptsTestExecutionListener, org.springframework.test.context.event.EventPublishingTestExecutionListener]
2021-08-06_01-13-49 [main] INFO  o.s.b.t.c.SpringBootTestContextBootstrapper - Using TestExecutionListeners: [org.springframework.test.context.web.ServletTestExecutionListener@1e4f8430, org.springframework.test.context.support.DirtiesContextBeforeModesTestExecutionListener@340ef431, org.springframework.test.context.event.ApplicationEventsTestExecutionListener@50d02417, org.springframework.boot.test.mock.mockito.MockitoTestExecutionListener@53425450, org.springframework.boot.test.autoconfigure.SpringBootDependencyInjectionTestExecutionListener@314e240c, org.springframework.test.context.support.DirtiesContextTestExecutionListener@7222e168, org.springframework.test.context.transaction.TransactionalTestExecutionListener@230383a7, org.springframework.test.context.jdbc.SqlScriptsTestExecutionListener@6222a343, org.springframework.test.context.event.EventPublishingTestExecutionListener@228c854f, org.springframework.boot.test.mock.mockito.ResetMocksTestExecutionListener@47c019d7, org.springframework.boot.test.autoconfigure.restdocs.RestDocsTestExecutionListener@7861a433, org.springframework.boot.test.autoconfigure.web.client.MockRestServiceServerResetTestExecutionListener@f2e28c7, org.springframework.boot.test.autoconfigure.web.servlet.MockMvcPrintOnlyOnFailureTestExecutionListener@494e7290, org.springframework.boot.test.autoconfigure.web.servlet.WebDriverTestExecutionListener@e87c4cf, org.springframework.boot.test.autoconfigure.webservices.client.MockWebServiceServerTestExecutionListener@7bb2b910]
2021-08-06_01-14-06 [main] INFO  c.c.p.d.PensionerDetailMicroserviceApplication - Starting PensionerDetailMicroserviceApplication using Java 15.0.2 on LAPTOP-0KPSBF10 with PID 13320 (started by Kishore in C:\Users\kisho\OneDrive\Documents\cts\Pension-Management\Pension-Management\Pensioner-Detail-Microservice)
2021-08-06_01-14-06 [main] INFO  c.c.p.d.PensionerDetailMicroserviceApplication - No active profile set, falling back to default profiles: default
2021-08-06_01-14-06 [main] INFO  o.s.d.r.c.RepositoryConfigurationDelegate - Bootstrapping Spring Data JPA repositories in DEFAULT mode.
2021-08-06_01-14-06 [main] INFO  o.s.d.r.c.RepositoryConfigurationDelegate - Finished Spring Data repository scanning in 36 ms. Found 1 JPA repository interfaces.
2021-08-06_01-14-06 [main] INFO  o.s.cloud.context.scope.GenericScope - BeanFactory id=376e1a86-edb7-3a7b-a792-fb1288bcfa52
2021-08-06_01-14-06 [main] INFO  o.s.c.s.PostProcessorRegistrationDelegate$BeanPostProcessorChecker - Bean 'com.cts.pensioner.detail.feignclient.AuthorisingClient' of type [org.springframework.cloud.openfeign.FeignClientFactoryBean] is not eligible for getting processed by all BeanPostProcessors (for example: not eligible for auto-proxying)
2021-08-06_01-14-06 [main] INFO  o.s.b.w.e.tomcat.TomcatWebServer - Tomcat initialized with port(s): 8200 (http)
2021-08-06_01-14-06 [main] INFO  o.a.coyote.http11.Http11NioProtocol - Initializing ProtocolHandler ["http-nio-8200"]
2021-08-06_01-14-06 [main] INFO  o.a.catalina.core.StandardService - Starting service [Tomcat]
2021-08-06_01-14-06 [main] INFO  o.a.catalina.core.StandardEngine - Starting Servlet engine: [Apache Tomcat/9.0.41]
2021-08-06_01-14-06 [main] INFO  o.a.c.c.C.[.[localhost].[/pensioner] - Initializing Spring embedded WebApplicationContext
2021-08-06_01-14-06 [main] INFO  o.s.b.w.s.c.ServletWebServerApplicationContext - Root WebApplicationContext: initialization completed in 2224 ms
2021-08-06_01-14-06 [main] INFO  com.zaxxer.hikari.HikariDataSource - HikariPool-2 - Starting...
2021-08-06_01-14-06 [main] INFO  com.zaxxer.hikari.HikariDataSource - HikariPool-2 - Start completed.
2021-08-06_01-14-06 [main] INFO  o.s.b.a.h.H2ConsoleAutoConfiguration - H2 console available at '/db'. Database available at 'jdbc:h2:mem:ipms_db'
2021-08-06_01-14-06 [main] INFO  o.s.o.j.LocalContainerEntityManagerFactoryBean - Initialized JPA EntityManagerFactory for persistence unit 'default'
2021-08-06_01-14-06 [main] INFO  o.s.b.a.e.web.EndpointLinksResolver - Exposing 2 endpoint(s) beneath base path '/actuator'
2021-08-06_01-14-06 [main] INFO  s.d.s.w.PropertySourcedRequestMappingHandlerMapping - Mapped URL path [/v2/api-docs] onto method [springfox.documentation.swagger2.web.Swagger2Controller#getDocumentation(String, HttpServletRequest)]
2021-08-06_01-14-06 [main] INFO  o.s.s.c.ThreadPoolTaskExecutor - Initializing ExecutorService 'applicationTaskExecutor'
2021-08-06_01-14-06 [main] INFO  o.a.coyote.http11.Http11NioProtocol - Starting ProtocolHandler ["http-nio-8200"]
2021-08-06_01-14-06 [main] INFO  o.s.b.w.e.tomcat.TomcatWebServer - Tomcat started on port(s): 8200 (http) with context path '/pensioner'
2021-08-06_01-14-06 [main] INFO  s.d.s.w.p.DocumentationPluginsBootstrapper - Context refreshed
2021-08-06_01-14-06 [main] INFO  s.d.s.w.p.DocumentationPluginsBootstrapper - Found 1 custom documentation plugin(s)
2021-08-06_01-14-06 [main] INFO  s.d.s.w.s.ApiListingReferenceScanner - Scanning for api listing references
2021-08-06_01-14-06 [main] INFO  s.d.s.w.r.o.CachingOperationNameGenerator - Generating unique operation named: handleUsingGET_1
2021-08-06_01-14-06 [main] INFO  s.d.s.w.r.o.CachingOperationNameGenerator - Generating unique operation named: handleUsingGET_2
2021-08-06_01-14-06 [main] INFO  c.c.p.d.PensionerDetailMicroserviceApplication - Started PensionerDetailMicroserviceApplication in 4.366 seconds (JVM running for 28.507)
2021-08-06_01-14-06 [main] INFO  o.s.b.t.c.SpringBootTestContextBootstrapper - Neither @ContextConfiguration nor @ContextHierarchy found for test class [com.cts.pensioner.detail.controller.PensionerDetailControllerTest], using SpringBootContextLoader
2021-08-06_01-14-06 [main] INFO  o.s.t.c.s.AbstractContextLoader - Could not detect default resource locations for test class [com.cts.pensioner.detail.controller.PensionerDetailControllerTest]: no resource found for suffixes {-context.xml, Context.groovy}.
2021-08-06_01-14-06 [main] INFO  o.s.t.c.s.AnnotationConfigContextLoaderUtils - Could not detect default configuration classes for test class [com.cts.pensioner.detail.controller.PensionerDetailControllerTest]: PensionerDetailControllerTest does not declare any static, non-private, non-final, nested classes annotated with @Configuration.
2021-08-06_01-14-06 [main] INFO  o.s.b.t.c.SpringBootTestContextBootstrapper - Found @SpringBootConfiguration com.cts.pensioner.detail.PensionerDetailMicroserviceApplication for test class com.cts.pensioner.detail.controller.PensionerDetailControllerTest
2021-08-06_01-14-06 [main] INFO  o.s.b.t.c.SpringBootTestContextBootstrapper - Loaded default TestExecutionListener class names from location [META-INF/spring.factories]: [org.springframework.boot.test.mock.mockito.MockitoTestExecutionListener, org.springframework.boot.test.mock.mockito.ResetMocksTestExecutionListener, org.springframework.boot.test.autoconfigure.restdocs.RestDocsTestExecutionListener, org.springframework.boot.test.autoconfigure.web.client.MockRestServiceServerResetTestExecutionListener, org.springframework.boot.test.autoconfigure.web.servlet.MockMvcPrintOnlyOnFailureTestExecutionListener, org.springframework.boot.test.autoconfigure.web.servlet.WebDriverTestExecutionListener, org.springframework.boot.test.autoconfigure.webservices.client.MockWebServiceServerTestExecutionListener, org.springframework.test.context.web.ServletTestExecutionListener, org.springframework.test.context.support.DirtiesContextBeforeModesTestExecutionListener, org.springframework.test.context.event.ApplicationEventsTestExecutionListener, org.springframework.test.context.support.DependencyInjectionTestExecutionListener, org.springframework.test.context.support.DirtiesContextTestExecutionListener, org.springframework.test.context.transaction.TransactionalTestExecutionListener, org.springframework.test.context.jdbc.SqlScriptsTestExecutionListener, org.springframework.test.context.event.EventPublishingTestExecutionListener]
2021-08-06_01-14-06 [main] INFO  o.s.b.t.c.SpringBootTestContextBootstrapper - Using TestExecutionListeners: [org.springframework.test.context.web.ServletTestExecutionListener@7d33e32b, org.springframework.test.context.support.DirtiesContextBeforeModesTestExecutionListener@47ce44ab, org.springframework.test.context.event.ApplicationEventsTestExecutionListener@48f27e0b, org.springframework.boot.test.mock.mockito.MockitoTestExecutionListener@441eae0b, org.springframework.boot.test.autoconfigure.SpringBootDependencyInjectionTestExecutionListener@26562718, org.springframework.test.context.support.DirtiesContextTestExecutionListener@1388c465, org.springframework.test.context.transaction.TransactionalTestExecutionListener@48d1f239, org.springframework.test.context.jdbc.SqlScriptsTestExecutionListener@798e73de, org.springframework.test.context.event.EventPublishingTestExecutionListener@6ef7e510, org.springframework.boot.test.mock.mockito.ResetMocksTestExecutionListener@3b89bf47, org.springframework.boot.test.autoconfigure.restdocs.RestDocsTestExecutionListener@7c8ec235, org.springframework.boot.test.autoconfigure.web.client.MockRestServiceServerResetTestExecutionListener@76145ef9, org.springframework.boot.test.autoconfigure.web.servlet.MockMvcPrintOnlyOnFailureTestExecutionListener@279afa4e, org.springframework.boot.test.autoconfigure.web.servlet.WebDriverTestExecutionListener@519f1a7d, org.springframework.boot.test.autoconfigure.webservices.client.MockWebServiceServerTestExecutionListener@5b0af511]
2021-08-06_01-14-11 [main] INFO  c.c.p.d.c.PensionerDetailControllerTest - Starting PensionerDetailControllerTest using Java 15.0.2 on LAPTOP-0KPSBF10 with PID 13320 (started by Kishore in C:\Users\kisho\OneDrive\Documents\cts\Pension-Management\Pension-Management\Pensioner-Detail-Microservice)
2021-08-06_01-14-11 [main] INFO  c.c.p.d.c.PensionerDetailControllerTest - No active profile set, falling back to default profiles: default
2021-08-06_01-14-11 [main] INFO  o.s.d.r.c.RepositoryConfigurationDelegate - Bootstrapping Spring Data JPA repositories in DEFAULT mode.
2021-08-06_01-14-11 [main] INFO  o.s.d.r.c.RepositoryConfigurationDelegate - Finished Spring Data repository scanning in 42 ms. Found 1 JPA repository interfaces.
2021-08-06_01-14-11 [main] INFO  o.s.cloud.context.scope.GenericScope - BeanFactory id=9e79bf8a-f093-330f-809a-9c0586e5a6d7
2021-08-06_01-14-11 [main] INFO  com.zaxxer.hikari.HikariDataSource - HikariPool-3 - Starting...
2021-08-06_01-14-11 [main] INFO  com.zaxxer.hikari.HikariDataSource - HikariPool-3 - Start completed.
2021-08-06_01-14-11 [main] INFO  o.s.o.j.LocalContainerEntityManagerFactoryBean - Initialized JPA EntityManagerFactory for persistence unit 'default'
2021-08-06_01-14-11 [main] INFO  o.s.b.a.h.H2ConsoleAutoConfiguration - H2 console available at '/db'. Database available at 'jdbc:h2:mem:ipms_db'
2021-08-06_01-14-11 [main] INFO  o.s.b.a.e.web.EndpointLinksResolver - Exposing 2 endpoint(s) beneath base path '/actuator'
2021-08-06_01-14-11 [main] INFO  s.d.s.w.PropertySourcedRequestMappingHandlerMapping - Mapped URL path [/v2/api-docs] onto method [springfox.documentation.swagger2.web.Swagger2Controller#getDocumentation(String, HttpServletRequest)]
2021-08-06_01-14-11 [main] INFO  o.s.s.c.ThreadPoolTaskExecutor - Initializing ExecutorService 'applicationTaskExecutor'
2021-08-06_01-14-11 [main] INFO  o.s.b.t.m.w.SpringBootMockServletContext - Initializing Spring TestDispatcherServlet ''
2021-08-06_01-14-11 [main] INFO  o.s.t.w.s.TestDispatcherServlet - Initializing Servlet ''
2021-08-06_01-14-11 [main] INFO  o.s.t.w.s.TestDispatcherServlet - Completed initialization in 2 ms
2021-08-06_01-14-11 [main] INFO  s.d.s.w.p.DocumentationPluginsBootstrapper - Context refreshed
2021-08-06_01-14-11 [main] INFO  s.d.s.w.p.DocumentationPluginsBootstrapper - Found 1 custom documentation plugin(s)
2021-08-06_01-14-11 [main] INFO  s.d.s.w.s.ApiListingReferenceScanner - Scanning for api listing references
2021-08-06_01-14-11 [main] INFO  s.d.s.w.r.o.CachingOperationNameGenerator - Generating unique operation named: handleUsingGET_1
2021-08-06_01-14-11 [main] INFO  s.d.s.w.r.o.CachingOperationNameGenerator - Generating unique operation named: handleUsingGET_2
2021-08-06_01-14-11 [main] INFO  c.c.p.d.c.PensionerDetailControllerTest - Started PensionerDetailControllerTest in 5.238 seconds (JVM running for 33.856)
2021-08-06_01-14-11 [main] INFO  o.s.b.t.c.SpringBootTestContextBootstrapper - Neither @ContextConfiguration nor @ContextHierarchy found for test class [com.cts.pensioner.detail.controller.PensionerDetailControllerMethodTest], using SpringBootContextLoader
2021-08-06_01-14-11 [main] INFO  o.s.t.c.s.AbstractContextLoader - Could not detect default resource locations for test class [com.cts.pensioner.detail.controller.PensionerDetailControllerMethodTest]: no resource found for suffixes {-context.xml, Context.groovy}.
2021-08-06_01-14-11 [main] INFO  o.s.t.c.s.AnnotationConfigContextLoaderUtils - Could not detect default configuration classes for test class [com.cts.pensioner.detail.controller.PensionerDetailControllerMethodTest]: PensionerDetailControllerMethodTest does not declare any static, non-private, non-final, nested classes annotated with @Configuration.
2021-08-06_01-14-11 [main] INFO  o.s.b.t.c.SpringBootTestContextBootstrapper - Found @SpringBootConfiguration com.cts.pensioner.detail.PensionerDetailMicroserviceApplication for test class com.cts.pensioner.detail.controller.PensionerDetailControllerMethodTest
2021-08-06_01-14-11 [main] INFO  o.s.b.t.c.SpringBootTestContextBootstrapper - Loaded default TestExecutionListener class names from location [META-INF/spring.factories]: [org.springframework.boot.test.mock.mockito.MockitoTestExecutionListener, org.springframework.boot.test.mock.mockito.ResetMocksTestExecutionListener, org.springframework.boot.test.autoconfigure.restdocs.RestDocsTestExecutionListener, org.springframework.boot.test.autoconfigure.web.client.MockRestServiceServerResetTestExecutionListener, org.springframework.boot.test.autoconfigure.web.servlet.MockMvcPrintOnlyOnFailureTestExecutionListener, org.springframework.boot.test.autoconfigure.web.servlet.WebDriverTestExecutionListener, org.springframework.boot.test.autoconfigure.webservices.client.MockWebServiceServerTestExecutionListener, org.springframework.test.context.web.ServletTestExecutionListener, org.springframework.test.context.support.DirtiesContextBeforeModesTestExecutionListener, org.springframework.test.context.event.ApplicationEventsTestExecutionListener, org.springframework.test.context.support.DependencyInjectionTestExecutionListener, org.springframework.test.context.support.DirtiesContextTestExecutionListener, org.springframework.test.context.transaction.TransactionalTestExecutionListener, org.springframework.test.context.jdbc.SqlScriptsTestExecutionListener, org.springframework.test.context.event.EventPublishingTestExecutionListener]
2021-08-06_01-14-11 [main] INFO  o.s.b.t.c.SpringBootTestContextBootstrapper - Using TestExecutionListeners: [org.springframework.test.context.web.ServletTestExecutionListener@6d98bf7, org.springframework.test.context.support.DirtiesContextBeforeModesTestExecutionListener@5ecad860, org.springframework.test.context.event.ApplicationEventsTestExecutionListener@7ce1b3fe, org.springframework.boot.test.mock.mockito.MockitoTestExecutionListener@4f54afa5, org.springframework.boot.test.autoconfigure.SpringBootDependencyInjectionTestExecutionListener@598138b, org.springframework.test.context.support.DirtiesContextTestExecutionListener@d19c280, org.springframework.test.context.transaction.TransactionalTestExecutionListener@7c96ee9e, org.springframework.test.context.jdbc.SqlScriptsTestExecutionListener@16554f2e, org.springframework.test.context.event.EventPublishingTestExecutionListener@53941224, org.springframework.boot.test.mock.mockito.ResetMocksTestExecutionListener@10dad714, org.springframework.boot.test.autoconfigure.restdocs.RestDocsTestExecutionListener@5bf3298f, org.springframework.boot.test.autoconfigure.web.client.MockRestServiceServerResetTestExecutionListener@67e321e0, org.springframework.boot.test.autoconfigure.web.servlet.MockMvcPrintOnlyOnFailureTestExecutionListener@14150a0a, org.springframework.boot.test.autoconfigure.web.servlet.WebDriverTestExecutionListener@52b11deb, org.springframework.boot.test.autoconfigure.webservices.client.MockWebServiceServerTestExecutionListener@104ce963]
2021-08-06_01-14-17 [main] INFO  c.c.p.d.c.PensionerDetailControllerMethodTest - Starting PensionerDetailControllerMethodTest using Java 15.0.2 on LAPTOP-0KPSBF10 with PID 13320 (started by Kishore in C:\Users\kisho\OneDrive\Documents\cts\Pension-Management\Pension-Management\Pensioner-Detail-Microservice)
2021-08-06_01-14-17 [main] INFO  c.c.p.d.c.PensionerDetailControllerMethodTest - No active profile set, falling back to default profiles: default
2021-08-06_01-14-17 [main] INFO  o.s.d.r.c.RepositoryConfigurationDelegate - Bootstrapping Spring Data JPA repositories in DEFAULT mode.
2021-08-06_01-14-17 [main] INFO  o.s.d.r.c.RepositoryConfigurationDelegate - Finished Spring Data repository scanning in 36 ms. Found 1 JPA repository interfaces.
2021-08-06_01-14-17 [main] INFO  o.s.cloud.context.scope.GenericScope - BeanFactory id=e207eda6-c004-3a32-abe5-1a171d28a71a
2021-08-06_01-14-17 [main] INFO  com.zaxxer.hikari.HikariDataSource - HikariPool-4 - Starting...
2021-08-06_01-14-17 [main] INFO  com.zaxxer.hikari.HikariDataSource - HikariPool-4 - Start completed.
2021-08-06_01-14-17 [main] INFO  o.s.o.j.LocalContainerEntityManagerFactoryBean - Initialized JPA EntityManagerFactory for persistence unit 'default'
2021-08-06_01-14-17 [main] INFO  o.s.b.a.h.H2ConsoleAutoConfiguration - H2 console available at '/db'. Database available at 'jdbc:h2:mem:ipms_db'
2021-08-06_01-14-17 [main] INFO  o.s.b.a.e.web.EndpointLinksResolver - Exposing 2 endpoint(s) beneath base path '/actuator'
2021-08-06_01-14-17 [main] INFO  s.d.s.w.PropertySourcedRequestMappingHandlerMapping - Mapped URL path [/v2/api-docs] onto method [springfox.documentation.swagger2.web.Swagger2Controller#getDocumentation(String, HttpServletRequest)]
2021-08-06_01-14-17 [main] INFO  o.s.s.c.ThreadPoolTaskExecutor - Initializing ExecutorService 'applicationTaskExecutor'
2021-08-06_01-14-17 [main] INFO  s.d.s.w.p.DocumentationPluginsBootstrapper - Context refreshed
2021-08-06_01-14-17 [main] INFO  s.d.s.w.p.DocumentationPluginsBootstrapper - Found 1 custom documentation plugin(s)
2021-08-06_01-14-17 [main] INFO  s.d.s.w.s.ApiListingReferenceScanner - Scanning for api listing references
2021-08-06_01-14-17 [main] INFO  s.d.s.w.r.o.CachingOperationNameGenerator - Generating unique operation named: handleUsingGET_1
2021-08-06_01-14-17 [main] INFO  s.d.s.w.r.o.CachingOperationNameGenerator - Generating unique operation named: handleUsingGET_2
2021-08-06_01-14-17 [main] INFO  c.c.p.d.c.PensionerDetailControllerMethodTest - Started PensionerDetailControllerMethodTest in 4.305 seconds (JVM running for 39.197)
2021-08-06_01-14-17 [main] INFO  o.s.b.t.c.SpringBootTestContextBootstrapper - Neither @ContextConfiguration nor @ContextHierarchy found for test class [com.cts.pensioner.detail.service.PensionerDetailServiceTest], using SpringBootContextLoader
2021-08-06_01-14-17 [main] INFO  o.s.t.c.s.AbstractContextLoader - Could not detect default resource locations for test class [com.cts.pensioner.detail.service.PensionerDetailServiceTest]: no resource found for suffixes {-context.xml, Context.groovy}.
2021-08-06_01-14-17 [main] INFO  o.s.t.c.s.AnnotationConfigContextLoaderUtils - Could not detect default configuration classes for test class [com.cts.pensioner.detail.service.PensionerDetailServiceTest]: PensionerDetailServiceTest does not declare any static, non-private, non-final, nested classes annotated with @Configuration.
2021-08-06_01-14-17 [main] INFO  o.s.b.t.c.SpringBootTestContextBootstrapper - Found @SpringBootConfiguration com.cts.pensioner.detail.PensionerDetailMicroserviceApplication for test class com.cts.pensioner.detail.service.PensionerDetailServiceTest
2021-08-06_01-14-17 [main] INFO  o.s.b.t.c.SpringBootTestContextBootstrapper - Loaded default TestExecutionListener class names from location [META-INF/spring.factories]: [org.springframework.boot.test.mock.mockito.MockitoTestExecutionListener, org.springframework.boot.test.mock.mockito.ResetMocksTestExecutionListener, org.springframework.boot.test.autoconfigure.restdocs.RestDocsTestExecutionListener, org.springframework.boot.test.autoconfigure.web.client.MockRestServiceServerResetTestExecutionListener, org.springframework.boot.test.autoconfigure.web.servlet.MockMvcPrintOnlyOnFailureTestExecutionListener, org.springframework.boot.test.autoconfigure.web.servlet.WebDriverTestExecutionListener, org.springframework.boot.test.autoconfigure.webservices.client.MockWebServiceServerTestExecutionListener, org.springframework.test.context.web.ServletTestExecutionListener, org.springframework.test.context.support.DirtiesContextBeforeModesTestExecutionListener, org.springframework.test.context.event.ApplicationEventsTestExecutionListener, org.springframework.test.context.support.DependencyInjectionTestExecutionListener, org.springframework.test.context.support.DirtiesContextTestExecutionListener, org.springframework.test.context.transaction.TransactionalTestExecutionListener, org.springframework.test.context.jdbc.SqlScriptsTestExecutionListener, org.springframework.test.context.event.EventPublishingTestExecutionListener]
2021-08-06_01-14-17 [main] INFO  o.s.b.t.c.SpringBootTestContextBootstrapper - Using TestExecutionListeners: [org.springframework.test.context.web.ServletTestExecutionListener@6d27cb3b, org.springframework.test.context.support.DirtiesContextBeforeModesTestExecutionListener@349f3582, org.springframework.test.context.event.ApplicationEventsTestExecutionListener@2d10b5b4, org.springframework.boot.test.mock.mockito.MockitoTestExecutionListener@669a3dd8, org.springframework.boot.test.autoconfigure.SpringBootDependencyInjectionTestExecutionListener@35374c23, org.springframework.test.context.support.DirtiesContextTestExecutionListener@78c95c22, org.springframework.test.context.transaction.TransactionalTestExecutionListener@505ceb9a, org.springframework.test.context.jdbc.SqlScriptsTestExecutionListener@671f78b4, org.springframework.test.context.event.EventPublishingTestExecutionListener@68c66620, org.springframework.boot.test.mock.mockito.ResetMocksTestExecutionListener@5a5c0f56, org.springframework.boot.test.autoconfigure.restdocs.RestDocsTestExecutionListener@6d6b2fbc, org.springframework.boot.test.autoconfigure.web.client.MockRestServiceServerResetTestExecutionListener@71ad307d, org.springframework.boot.test.autoconfigure.web.servlet.MockMvcPrintOnlyOnFailureTestExecutionListener@2a01bf0e, org.springframework.boot.test.autoconfigure.web.servlet.WebDriverTestExecutionListener@101d33a7, org.springframework.boot.test.autoconfigure.webservices.client.MockWebServiceServerTestExecutionListener@24bff8d7]
2021-08-06_01-14-17 [SpringContextShutdownHook] INFO  o.s.s.c.ThreadPoolTaskExecutor - Shutting down ExecutorService 'applicationTaskExecutor'
2021-08-06_01-14-17 [SpringContextShutdownHook] INFO  o.s.s.c.ThreadPoolTaskExecutor - Shutting down ExecutorService 'applicationTaskExecutor'
2021-08-06_01-14-17 [SpringContextShutdownHook] INFO  o.s.s.c.ThreadPoolTaskExecutor - Shutting down ExecutorService 'applicationTaskExecutor'
2021-08-06_01-14-17 [SpringContextShutdownHook] INFO  o.s.o.j.LocalContainerEntityManagerFactoryBean - Closing JPA EntityManagerFactory for persistence unit 'default'
2021-08-06_01-14-17 [SpringContextShutdownHook] INFO  o.s.o.j.LocalContainerEntityManagerFactoryBean - Closing JPA EntityManagerFactory for persistence unit 'default'
2021-08-06_01-14-17 [SpringContextShutdownHook] INFO  o.s.o.j.LocalContainerEntityManagerFactoryBean - Closing JPA EntityManagerFactory for persistence unit 'default'
2021-08-06_01-14-17 [SpringContextShutdownHook] INFO  com.zaxxer.hikari.HikariDataSource - HikariPool-4 - Shutdown initiated...
2021-08-06_01-14-17 [SpringContextShutdownHook] INFO  com.zaxxer.hikari.HikariDataSource - HikariPool-4 - Shutdown completed.
2021-08-06_01-14-17 [SpringContextShutdownHook] INFO  com.zaxxer.hikari.HikariDataSource - HikariPool-3 - Shutdown initiated...
2021-08-06_01-14-17 [SpringContextShutdownHook] INFO  com.zaxxer.hikari.HikariDataSource - HikariPool-3 - Shutdown completed.
2021-08-06_01-14-17 [SpringContextShutdownHook] INFO  com.zaxxer.hikari.HikariDataSource - HikariPool-1 - Shutdown initiated...
2021-08-06_01-14-17 [SpringContextShutdownHook] INFO  com.zaxxer.hikari.HikariDataSource - HikariPool-1 - Shutdown completed.
2021-08-06_01-14-17 [SpringContextShutdownHook] INFO  o.s.s.c.ThreadPoolTaskExecutor - Shutting down ExecutorService 'applicationTaskExecutor'
2021-08-06_01-14-17 [SpringContextShutdownHook] INFO  o.s.o.j.LocalContainerEntityManagerFactoryBean - Closing JPA EntityManagerFactory for persistence unit 'default'
2021-08-06_01-14-17 [SpringContextShutdownHook] INFO  com.zaxxer.hikari.HikariDataSource - HikariPool-2 - Shutdown initiated...
2021-08-06_01-14-17 [SpringContextShutdownHook] INFO  com.zaxxer.hikari.HikariDataSource - HikariPool-2 - Shutdown completed.
2021-08-06_10-13-22 [main] INFO  o.s.b.t.c.SpringBootTestContextBootstrapper - Neither @ContextConfiguration nor @ContextHierarchy found for test class [com.cts.pensioner.detail.exception.PensionerDetailExceptionTest], using SpringBootContextLoader
2021-08-06_10-13-22 [main] INFO  o.s.t.c.s.AbstractContextLoader - Could not detect default resource locations for test class [com.cts.pensioner.detail.exception.PensionerDetailExceptionTest]: no resource found for suffixes {-context.xml, Context.groovy}.
2021-08-06_10-13-22 [main] INFO  o.s.t.c.s.AnnotationConfigContextLoaderUtils - Could not detect default configuration classes for test class [com.cts.pensioner.detail.exception.PensionerDetailExceptionTest]: PensionerDetailExceptionTest does not declare any static, non-private, non-final, nested classes annotated with @Configuration.
2021-08-06_10-13-22 [main] INFO  o.s.b.t.c.SpringBootTestContextBootstrapper - Found @SpringBootConfiguration com.cts.pensioner.detail.PensionerDetailMicroserviceApplication for test class com.cts.pensioner.detail.exception.PensionerDetailExceptionTest
2021-08-06_10-13-22 [main] INFO  o.s.b.t.c.SpringBootTestContextBootstrapper - Loaded default TestExecutionListener class names from location [META-INF/spring.factories]: [org.springframework.boot.test.mock.mockito.MockitoTestExecutionListener, org.springframework.boot.test.mock.mockito.ResetMocksTestExecutionListener, org.springframework.boot.test.autoconfigure.restdocs.RestDocsTestExecutionListener, org.springframework.boot.test.autoconfigure.web.client.MockRestServiceServerResetTestExecutionListener, org.springframework.boot.test.autoconfigure.web.servlet.MockMvcPrintOnlyOnFailureTestExecutionListener, org.springframework.boot.test.autoconfigure.web.servlet.WebDriverTestExecutionListener, org.springframework.boot.test.autoconfigure.webservices.client.MockWebServiceServerTestExecutionListener, org.springframework.test.context.web.ServletTestExecutionListener, org.springframework.test.context.support.DirtiesContextBeforeModesTestExecutionListener, org.springframework.test.context.event.ApplicationEventsTestExecutionListener, org.springframework.test.context.support.DependencyInjectionTestExecutionListener, org.springframework.test.context.support.DirtiesContextTestExecutionListener, org.springframework.test.context.transaction.TransactionalTestExecutionListener, org.springframework.test.context.jdbc.SqlScriptsTestExecutionListener, org.springframework.test.context.event.EventPublishingTestExecutionListener]
2021-08-06_10-13-22 [main] INFO  o.s.b.t.c.SpringBootTestContextBootstrapper - Using TestExecutionListeners: [org.springframework.test.context.web.ServletTestExecutionListener@6d8792db, org.springframework.test.context.support.DirtiesContextBeforeModesTestExecutionListener@64bc21ac, org.springframework.test.context.event.ApplicationEventsTestExecutionListener@493dfb8e, org.springframework.boot.test.mock.mockito.MockitoTestExecutionListener@5d25e6bb, org.springframework.boot.test.autoconfigure.SpringBootDependencyInjectionTestExecutionListener@ce5a68e, org.springframework.test.context.support.DirtiesContextTestExecutionListener@9d157ff, org.springframework.test.context.transaction.TransactionalTestExecutionListener@2f162cc0, org.springframework.test.context.jdbc.SqlScriptsTestExecutionListener@5df417a7, org.springframework.test.context.event.EventPublishingTestExecutionListener@7c041b41, org.springframework.boot.test.mock.mockito.ResetMocksTestExecutionListener@7f69d591, org.springframework.boot.test.autoconfigure.restdocs.RestDocsTestExecutionListener@61078690, org.springframework.boot.test.autoconfigure.web.client.MockRestServiceServerResetTestExecutionListener@1cb3ec38, org.springframework.boot.test.autoconfigure.web.servlet.MockMvcPrintOnlyOnFailureTestExecutionListener@403132fc, org.springframework.boot.test.autoconfigure.web.servlet.WebDriverTestExecutionListener@71c5b236, org.springframework.boot.test.autoconfigure.webservices.client.MockWebServiceServerTestExecutionListener@2cab9998]
2021-08-06_10-13-27 [main] INFO  c.c.p.d.e.PensionerDetailExceptionTest - Starting PensionerDetailExceptionTest using Java 15.0.2 on LAPTOP-0KPSBF10 with PID 11004 (started by Kishore in C:\Users\kisho\OneDrive\Documents\cts\Pension-Management\Pension-Management\Pensioner-Detail-Microservice)
2021-08-06_10-13-27 [main] INFO  c.c.p.d.e.PensionerDetailExceptionTest - No active profile set, falling back to default profiles: default
2021-08-06_10-13-27 [main] INFO  o.s.d.r.c.RepositoryConfigurationDelegate - Bootstrapping Spring Data JPA repositories in DEFAULT mode.
2021-08-06_10-13-27 [main] INFO  o.s.d.r.c.RepositoryConfigurationDelegate - Finished Spring Data repository scanning in 506 ms. Found 1 JPA repository interfaces.
2021-08-06_10-13-27 [main] INFO  o.s.cloud.context.scope.GenericScope - BeanFactory id=e207eda6-c004-3a32-abe5-1a171d28a71a
2021-08-06_10-13-27 [main] INFO  o.s.c.s.PostProcessorRegistrationDelegate$BeanPostProcessorChecker - Bean 'com.cts.pensioner.detail.feignclient.AuthorisingClient' of type [org.springframework.cloud.openfeign.FeignClientFactoryBean] is not eligible for getting processed by all BeanPostProcessors (for example: not eligible for auto-proxying)
2021-08-06_10-13-27 [main] INFO  com.zaxxer.hikari.HikariDataSource - HikariPool-1 - Starting...
2021-08-06_10-13-27 [main] INFO  com.zaxxer.hikari.HikariDataSource - HikariPool-1 - Start completed.
2021-08-06_10-13-27 [main] INFO  o.s.o.j.LocalContainerEntityManagerFactoryBean - Initialized JPA EntityManagerFactory for persistence unit 'default'
2021-08-06_10-13-27 [main] INFO  o.s.b.a.h.H2ConsoleAutoConfiguration - H2 console available at '/db'. Database available at 'jdbc:h2:mem:ipms_db'
2021-08-06_10-13-27 [main] INFO  o.s.b.a.e.web.EndpointLinksResolver - Exposing 2 endpoint(s) beneath base path '/actuator'
2021-08-06_10-13-27 [main] INFO  s.d.s.w.PropertySourcedRequestMappingHandlerMapping - Mapped URL path [/v2/api-docs] onto method [springfox.documentation.swagger2.web.Swagger2Controller#getDocumentation(String, HttpServletRequest)]
2021-08-06_10-13-27 [main] INFO  o.s.s.c.ThreadPoolTaskExecutor - Initializing ExecutorService 'applicationTaskExecutor'
2021-08-06_10-13-27 [main] INFO  s.d.s.w.p.DocumentationPluginsBootstrapper - Context refreshed
2021-08-06_10-13-27 [main] INFO  s.d.s.w.p.DocumentationPluginsBootstrapper - Found 1 custom documentation plugin(s)
2021-08-06_10-13-27 [main] INFO  s.d.s.w.s.ApiListingReferenceScanner - Scanning for api listing references
2021-08-06_10-13-27 [main] INFO  s.d.s.w.r.o.CachingOperationNameGenerator - Generating unique operation named: handleUsingGET_1
2021-08-06_10-13-27 [main] INFO  s.d.s.w.r.o.CachingOperationNameGenerator - Generating unique operation named: handleUsingGET_2
2021-08-06_10-13-27 [main] INFO  c.c.p.d.e.PensionerDetailExceptionTest - Started PensionerDetailExceptionTest in 40.376 seconds (JVM running for 53.275)
2021-08-06_10-13-27 [main] INFO  o.s.b.t.c.SpringBootTestContextBootstrapper - Neither @ContextConfiguration nor @ContextHierarchy found for test class [com.cts.pensioner.detail.PensionerDetailMicroserviceApplicationTests], using SpringBootContextLoader
2021-08-06_10-13-27 [main] INFO  o.s.t.c.s.AbstractContextLoader - Could not detect default resource locations for test class [com.cts.pensioner.detail.PensionerDetailMicroserviceApplicationTests]: no resource found for suffixes {-context.xml, Context.groovy}.
2021-08-06_10-13-27 [main] INFO  o.s.t.c.s.AnnotationConfigContextLoaderUtils - Could not detect default configuration classes for test class [com.cts.pensioner.detail.PensionerDetailMicroserviceApplicationTests]: PensionerDetailMicroserviceApplicationTests does not declare any static, non-private, non-final, nested classes annotated with @Configuration.
2021-08-06_10-13-27 [main] INFO  o.s.b.t.c.SpringBootTestContextBootstrapper - Found @SpringBootConfiguration com.cts.pensioner.detail.PensionerDetailMicroserviceApplication for test class com.cts.pensioner.detail.PensionerDetailMicroserviceApplicationTests
2021-08-06_10-13-27 [main] INFO  o.s.b.t.c.SpringBootTestContextBootstrapper - Loaded default TestExecutionListener class names from location [META-INF/spring.factories]: [org.springframework.boot.test.mock.mockito.MockitoTestExecutionListener, org.springframework.boot.test.mock.mockito.ResetMocksTestExecutionListener, org.springframework.boot.test.autoconfigure.restdocs.RestDocsTestExecutionListener, org.springframework.boot.test.autoconfigure.web.client.MockRestServiceServerResetTestExecutionListener, org.springframework.boot.test.autoconfigure.web.servlet.MockMvcPrintOnlyOnFailureTestExecutionListener, org.springframework.boot.test.autoconfigure.web.servlet.WebDriverTestExecutionListener, org.springframework.boot.test.autoconfigure.webservices.client.MockWebServiceServerTestExecutionListener, org.springframework.test.context.web.ServletTestExecutionListener, org.springframework.test.context.support.DirtiesContextBeforeModesTestExecutionListener, org.springframework.test.context.event.ApplicationEventsTestExecutionListener, org.springframework.test.context.support.DependencyInjectionTestExecutionListener, org.springframework.test.context.support.DirtiesContextTestExecutionListener, org.springframework.test.context.transaction.TransactionalTestExecutionListener, org.springframework.test.context.jdbc.SqlScriptsTestExecutionListener, org.springframework.test.context.event.EventPublishingTestExecutionListener]
2021-08-06_10-13-27 [main] INFO  o.s.b.t.c.SpringBootTestContextBootstrapper - Using TestExecutionListeners: [org.springframework.test.context.web.ServletTestExecutionListener@11f6a083, org.springframework.test.context.support.DirtiesContextBeforeModesTestExecutionListener@3bc00359, org.springframework.test.context.event.ApplicationEventsTestExecutionListener@30b91493, org.springframework.boot.test.mock.mockito.MockitoTestExecutionListener@2771e501, org.springframework.boot.test.autoconfigure.SpringBootDependencyInjectionTestExecutionListener@3a7abd4, org.springframework.test.context.support.DirtiesContextTestExecutionListener@3846ba32, org.springframework.test.context.transaction.TransactionalTestExecutionListener@40a32c25, org.springframework.test.context.jdbc.SqlScriptsTestExecutionListener@685280dd, org.springframework.test.context.event.EventPublishingTestExecutionListener@56957f08, org.springframework.boot.test.mock.mockito.ResetMocksTestExecutionListener@5b0fc8c2, org.springframework.boot.test.autoconfigure.restdocs.RestDocsTestExecutionListener@2140582, org.springframework.boot.test.autoconfigure.web.client.MockRestServiceServerResetTestExecutionListener@7ebc2975, org.springframework.boot.test.autoconfigure.web.servlet.MockMvcPrintOnlyOnFailureTestExecutionListener@32c7495, org.springframework.boot.test.autoconfigure.web.servlet.WebDriverTestExecutionListener@2640f5ea, org.springframework.boot.test.autoconfigure.webservices.client.MockWebServiceServerTestExecutionListener@45accb5]
2021-08-06_10-14-09 [main] INFO  c.c.p.d.PensionerDetailMicroserviceApplication - Starting PensionerDetailMicroserviceApplication using Java 15.0.2 on LAPTOP-0KPSBF10 with PID 11004 (started by Kishore in C:\Users\kisho\OneDrive\Documents\cts\Pension-Management\Pension-Management\Pensioner-Detail-Microservice)
2021-08-06_10-14-09 [main] INFO  c.c.p.d.PensionerDetailMicroserviceApplication - No active profile set, falling back to default profiles: default
2021-08-06_10-14-09 [main] INFO  o.s.d.r.c.RepositoryConfigurationDelegate - Bootstrapping Spring Data JPA repositories in DEFAULT mode.
2021-08-06_10-14-09 [main] INFO  o.s.d.r.c.RepositoryConfigurationDelegate - Finished Spring Data repository scanning in 75 ms. Found 1 JPA repository interfaces.
2021-08-06_10-14-09 [main] INFO  o.s.cloud.context.scope.GenericScope - BeanFactory id=376e1a86-edb7-3a7b-a792-fb1288bcfa52
2021-08-06_10-14-09 [main] INFO  o.s.c.s.PostProcessorRegistrationDelegate$BeanPostProcessorChecker - Bean 'com.cts.pensioner.detail.feignclient.AuthorisingClient' of type [org.springframework.cloud.openfeign.FeignClientFactoryBean] is not eligible for getting processed by all BeanPostProcessors (for example: not eligible for auto-proxying)
2021-08-06_10-14-09 [main] INFO  o.s.b.w.e.tomcat.TomcatWebServer - Tomcat initialized with port(s): 8200 (http)
2021-08-06_10-14-09 [main] INFO  o.a.coyote.http11.Http11NioProtocol - Initializing ProtocolHandler ["http-nio-8200"]
2021-08-06_10-14-09 [main] INFO  o.a.catalina.core.StandardService - Starting service [Tomcat]
2021-08-06_10-14-09 [main] INFO  o.a.catalina.core.StandardEngine - Starting Servlet engine: [Apache Tomcat/9.0.41]
2021-08-06_10-14-09 [main] INFO  o.a.c.c.C.[.[localhost].[/pensioner] - Initializing Spring embedded WebApplicationContext
2021-08-06_10-14-09 [main] INFO  o.s.b.w.s.c.ServletWebServerApplicationContext - Root WebApplicationContext: initialization completed in 5374 ms
2021-08-06_10-14-09 [main] INFO  com.zaxxer.hikari.HikariDataSource - HikariPool-2 - Starting...
2021-08-06_10-14-09 [main] INFO  com.zaxxer.hikari.HikariDataSource - HikariPool-2 - Start completed.
2021-08-06_10-14-09 [main] INFO  o.s.b.a.h.H2ConsoleAutoConfiguration - H2 console available at '/db'. Database available at 'jdbc:h2:mem:ipms_db'
2021-08-06_10-14-09 [main] INFO  o.s.o.j.LocalContainerEntityManagerFactoryBean - Initialized JPA EntityManagerFactory for persistence unit 'default'
2021-08-06_10-14-09 [main] INFO  o.s.b.a.e.web.EndpointLinksResolver - Exposing 2 endpoint(s) beneath base path '/actuator'
2021-08-06_10-14-09 [main] INFO  s.d.s.w.PropertySourcedRequestMappingHandlerMapping - Mapped URL path [/v2/api-docs] onto method [springfox.documentation.swagger2.web.Swagger2Controller#getDocumentation(String, HttpServletRequest)]
2021-08-06_10-14-09 [main] INFO  o.s.s.c.ThreadPoolTaskExecutor - Initializing ExecutorService 'applicationTaskExecutor'
2021-08-06_10-14-09 [main] INFO  o.a.coyote.http11.Http11NioProtocol - Starting ProtocolHandler ["http-nio-8200"]
2021-08-06_10-14-09 [main] INFO  o.s.b.w.e.tomcat.TomcatWebServer - Tomcat started on port(s): 8200 (http) with context path '/pensioner'
2021-08-06_10-14-09 [main] INFO  s.d.s.w.p.DocumentationPluginsBootstrapper - Context refreshed
2021-08-06_10-14-09 [main] INFO  s.d.s.w.p.DocumentationPluginsBootstrapper - Found 1 custom documentation plugin(s)
2021-08-06_10-14-09 [main] INFO  s.d.s.w.s.ApiListingReferenceScanner - Scanning for api listing references
2021-08-06_10-14-09 [main] INFO  s.d.s.w.r.o.CachingOperationNameGenerator - Generating unique operation named: handleUsingGET_1
2021-08-06_10-14-09 [main] INFO  s.d.s.w.r.o.CachingOperationNameGenerator - Generating unique operation named: handleUsingGET_2
2021-08-06_10-14-09 [main] INFO  c.c.p.d.PensionerDetailMicroserviceApplication - Started PensionerDetailMicroserviceApplication in 9.623 seconds (JVM running for 65.802)
2021-08-06_10-14-09 [main] INFO  o.s.b.t.c.SpringBootTestContextBootstrapper - Neither @ContextConfiguration nor @ContextHierarchy found for test class [com.cts.pensioner.detail.controller.PensionerDetailControllerTest], using SpringBootContextLoader
2021-08-06_10-14-09 [main] INFO  o.s.t.c.s.AbstractContextLoader - Could not detect default resource locations for test class [com.cts.pensioner.detail.controller.PensionerDetailControllerTest]: no resource found for suffixes {-context.xml, Context.groovy}.
2021-08-06_10-14-09 [main] INFO  o.s.t.c.s.AnnotationConfigContextLoaderUtils - Could not detect default configuration classes for test class [com.cts.pensioner.detail.controller.PensionerDetailControllerTest]: PensionerDetailControllerTest does not declare any static, non-private, non-final, nested classes annotated with @Configuration.
2021-08-06_10-14-09 [main] INFO  o.s.b.t.c.SpringBootTestContextBootstrapper - Found @SpringBootConfiguration com.cts.pensioner.detail.PensionerDetailMicroserviceApplication for test class com.cts.pensioner.detail.controller.PensionerDetailControllerTest
2021-08-06_10-14-09 [main] INFO  o.s.b.t.c.SpringBootTestContextBootstrapper - Loaded default TestExecutionListener class names from location [META-INF/spring.factories]: [org.springframework.boot.test.mock.mockito.MockitoTestExecutionListener, org.springframework.boot.test.mock.mockito.ResetMocksTestExecutionListener, org.springframework.boot.test.autoconfigure.restdocs.RestDocsTestExecutionListener, org.springframework.boot.test.autoconfigure.web.client.MockRestServiceServerResetTestExecutionListener, org.springframework.boot.test.autoconfigure.web.servlet.MockMvcPrintOnlyOnFailureTestExecutionListener, org.springframework.boot.test.autoconfigure.web.servlet.WebDriverTestExecutionListener, org.springframework.boot.test.autoconfigure.webservices.client.MockWebServiceServerTestExecutionListener, org.springframework.test.context.web.ServletTestExecutionListener, org.springframework.test.context.support.DirtiesContextBeforeModesTestExecutionListener, org.springframework.test.context.event.ApplicationEventsTestExecutionListener, org.springframework.test.context.support.DependencyInjectionTestExecutionListener, org.springframework.test.context.support.DirtiesContextTestExecutionListener, org.springframework.test.context.transaction.TransactionalTestExecutionListener, org.springframework.test.context.jdbc.SqlScriptsTestExecutionListener, org.springframework.test.context.event.EventPublishingTestExecutionListener]
2021-08-06_10-14-09 [main] INFO  o.s.b.t.c.SpringBootTestContextBootstrapper - Using TestExecutionListeners: [org.springframework.test.context.web.ServletTestExecutionListener@478b5a43, org.springframework.test.context.support.DirtiesContextBeforeModesTestExecutionListener@2fc8e9b8, org.springframework.test.context.event.ApplicationEventsTestExecutionListener@1f978bb1, org.springframework.boot.test.mock.mockito.MockitoTestExecutionListener@11987483, org.springframework.boot.test.autoconfigure.SpringBootDependencyInjectionTestExecutionListener@c5c7db1, org.springframework.test.context.support.DirtiesContextTestExecutionListener@64b1d0ab, org.springframework.test.context.transaction.TransactionalTestExecutionListener@4758158f, org.springframework.test.context.jdbc.SqlScriptsTestExecutionListener@15364d8b, org.springframework.test.context.event.EventPublishingTestExecutionListener@7a680b69, org.springframework.boot.test.mock.mockito.ResetMocksTestExecutionListener@10b6a807, org.springframework.boot.test.autoconfigure.restdocs.RestDocsTestExecutionListener@17c533f3, org.springframework.boot.test.autoconfigure.web.client.MockRestServiceServerResetTestExecutionListener@30386e95, org.springframework.boot.test.autoconfigure.web.servlet.MockMvcPrintOnlyOnFailureTestExecutionListener@ab118b8, org.springframework.boot.test.autoconfigure.web.servlet.WebDriverTestExecutionListener@2fe26f79, org.springframework.boot.test.autoconfigure.webservices.client.MockWebServiceServerTestExecutionListener@11069bdd]
2021-08-06_10-14-19 [main] INFO  c.c.p.d.c.PensionerDetailControllerTest - Starting PensionerDetailControllerTest using Java 15.0.2 on LAPTOP-0KPSBF10 with PID 11004 (started by Kishore in C:\Users\kisho\OneDrive\Documents\cts\Pension-Management\Pension-Management\Pensioner-Detail-Microservice)
2021-08-06_10-14-19 [main] INFO  c.c.p.d.c.PensionerDetailControllerTest - No active profile set, falling back to default profiles: default
2021-08-06_10-14-19 [main] INFO  o.s.d.r.c.RepositoryConfigurationDelegate - Bootstrapping Spring Data JPA repositories in DEFAULT mode.
2021-08-06_10-14-19 [main] INFO  o.s.d.r.c.RepositoryConfigurationDelegate - Finished Spring Data repository scanning in 68 ms. Found 1 JPA repository interfaces.
2021-08-06_10-14-19 [main] INFO  o.s.cloud.context.scope.GenericScope - BeanFactory id=9e79bf8a-f093-330f-809a-9c0586e5a6d7
2021-08-06_10-14-19 [main] INFO  com.zaxxer.hikari.HikariDataSource - HikariPool-3 - Starting...
2021-08-06_10-14-19 [main] INFO  com.zaxxer.hikari.HikariDataSource - HikariPool-3 - Start completed.
2021-08-06_10-14-19 [main] INFO  o.s.o.j.LocalContainerEntityManagerFactoryBean - Initialized JPA EntityManagerFactory for persistence unit 'default'
2021-08-06_10-14-19 [main] INFO  o.s.b.a.h.H2ConsoleAutoConfiguration - H2 console available at '/db'. Database available at 'jdbc:h2:mem:ipms_db'
2021-08-06_10-14-19 [main] INFO  o.s.b.a.e.web.EndpointLinksResolver - Exposing 2 endpoint(s) beneath base path '/actuator'
2021-08-06_10-14-19 [main] INFO  s.d.s.w.PropertySourcedRequestMappingHandlerMapping - Mapped URL path [/v2/api-docs] onto method [springfox.documentation.swagger2.web.Swagger2Controller#getDocumentation(String, HttpServletRequest)]
2021-08-06_10-14-19 [main] INFO  o.s.s.c.ThreadPoolTaskExecutor - Initializing ExecutorService 'applicationTaskExecutor'
2021-08-06_10-14-19 [main] INFO  o.s.b.t.m.w.SpringBootMockServletContext - Initializing Spring TestDispatcherServlet ''
2021-08-06_10-14-19 [main] INFO  o.s.t.w.s.TestDispatcherServlet - Initializing Servlet ''
2021-08-06_10-14-19 [main] INFO  o.s.t.w.s.TestDispatcherServlet - Completed initialization in 2 ms
2021-08-06_10-14-19 [main] INFO  s.d.s.w.p.DocumentationPluginsBootstrapper - Context refreshed
2021-08-06_10-14-19 [main] INFO  s.d.s.w.p.DocumentationPluginsBootstrapper - Found 1 custom documentation plugin(s)
2021-08-06_10-14-19 [main] INFO  s.d.s.w.s.ApiListingReferenceScanner - Scanning for api listing references
2021-08-06_10-14-19 [main] INFO  s.d.s.w.r.o.CachingOperationNameGenerator - Generating unique operation named: handleUsingGET_1
2021-08-06_10-14-19 [main] INFO  s.d.s.w.r.o.CachingOperationNameGenerator - Generating unique operation named: handleUsingGET_2
2021-08-06_10-14-19 [main] INFO  c.c.p.d.c.PensionerDetailControllerTest - Started PensionerDetailControllerTest in 9.645 seconds (JVM running for 75.617)
2021-08-06_10-14-19 [main] INFO  o.s.b.t.c.SpringBootTestContextBootstrapper - Neither @ContextConfiguration nor @ContextHierarchy found for test class [com.cts.pensioner.detail.controller.PensionerDetailControllerMethodTest], using SpringBootContextLoader
2021-08-06_10-14-19 [main] INFO  o.s.t.c.s.AbstractContextLoader - Could not detect default resource locations for test class [com.cts.pensioner.detail.controller.PensionerDetailControllerMethodTest]: no resource found for suffixes {-context.xml, Context.groovy}.
2021-08-06_10-14-19 [main] INFO  o.s.t.c.s.AnnotationConfigContextLoaderUtils - Could not detect default configuration classes for test class [com.cts.pensioner.detail.controller.PensionerDetailControllerMethodTest]: PensionerDetailControllerMethodTest does not declare any static, non-private, non-final, nested classes annotated with @Configuration.
2021-08-06_10-14-19 [main] INFO  o.s.b.t.c.SpringBootTestContextBootstrapper - Found @SpringBootConfiguration com.cts.pensioner.detail.PensionerDetailMicroserviceApplication for test class com.cts.pensioner.detail.controller.PensionerDetailControllerMethodTest
2021-08-06_10-14-19 [main] INFO  o.s.b.t.c.SpringBootTestContextBootstrapper - Loaded default TestExecutionListener class names from location [META-INF/spring.factories]: [org.springframework.boot.test.mock.mockito.MockitoTestExecutionListener, org.springframework.boot.test.mock.mockito.ResetMocksTestExecutionListener, org.springframework.boot.test.autoconfigure.restdocs.RestDocsTestExecutionListener, org.springframework.boot.test.autoconfigure.web.client.MockRestServiceServerResetTestExecutionListener, org.springframework.boot.test.autoconfigure.web.servlet.MockMvcPrintOnlyOnFailureTestExecutionListener, org.springframework.boot.test.autoconfigure.web.servlet.WebDriverTestExecutionListener, org.springframework.boot.test.autoconfigure.webservices.client.MockWebServiceServerTestExecutionListener, org.springframework.test.context.web.ServletTestExecutionListener, org.springframework.test.context.support.DirtiesContextBeforeModesTestExecutionListener, org.springframework.test.context.event.ApplicationEventsTestExecutionListener, org.springframework.test.context.support.DependencyInjectionTestExecutionListener, org.springframework.test.context.support.DirtiesContextTestExecutionListener, org.springframework.test.context.transaction.TransactionalTestExecutionListener, org.springframework.test.context.jdbc.SqlScriptsTestExecutionListener, org.springframework.test.context.event.EventPublishingTestExecutionListener]
2021-08-06_10-14-19 [main] INFO  o.s.b.t.c.SpringBootTestContextBootstrapper - Using TestExecutionListeners: [org.springframework.test.context.web.ServletTestExecutionListener@96effb1, org.springframework.test.context.support.DirtiesContextBeforeModesTestExecutionListener@39eab380, org.springframework.test.context.event.ApplicationEventsTestExecutionListener@359a972e, org.springframework.boot.test.mock.mockito.MockitoTestExecutionListener@29abba49, org.springframework.boot.test.autoconfigure.SpringBootDependencyInjectionTestExecutionListener@57465bba, org.springframework.test.context.support.DirtiesContextTestExecutionListener@3bdc9461, org.springframework.test.context.transaction.TransactionalTestExecutionListener@5a1e47d3, org.springframework.test.context.jdbc.SqlScriptsTestExecutionListener@2e13c72b, org.springframework.test.context.event.EventPublishingTestExecutionListener@4bedd2d8, org.springframework.boot.test.mock.mockito.ResetMocksTestExecutionListener@14cd3858, org.springframework.boot.test.autoconfigure.restdocs.RestDocsTestExecutionListener@3c45c5cd, org.springframework.boot.test.autoconfigure.web.client.MockRestServiceServerResetTestExecutionListener@cdf67f1, org.springframework.boot.test.autoconfigure.web.servlet.MockMvcPrintOnlyOnFailureTestExecutionListener@29810fa0, org.springframework.boot.test.autoconfigure.web.servlet.WebDriverTestExecutionListener@54f3fd30, org.springframework.boot.test.autoconfigure.webservices.client.MockWebServiceServerTestExecutionListener@460a31ce]
2021-08-06_10-14-31 [main] INFO  c.c.p.d.c.PensionerDetailControllerMethodTest - Starting PensionerDetailControllerMethodTest using Java 15.0.2 on LAPTOP-0KPSBF10 with PID 11004 (started by Kishore in C:\Users\kisho\OneDrive\Documents\cts\Pension-Management\Pension-Management\Pensioner-Detail-Microservice)
2021-08-06_10-14-31 [main] INFO  c.c.p.d.c.PensionerDetailControllerMethodTest - No active profile set, falling back to default profiles: default
2021-08-06_10-14-31 [main] INFO  o.s.d.r.c.RepositoryConfigurationDelegate - Bootstrapping Spring Data JPA repositories in DEFAULT mode.
2021-08-06_10-14-31 [main] INFO  o.s.d.r.c.RepositoryConfigurationDelegate - Finished Spring Data repository scanning in 71 ms. Found 1 JPA repository interfaces.
2021-08-06_10-14-31 [main] INFO  o.s.cloud.context.scope.GenericScope - BeanFactory id=e207eda6-c004-3a32-abe5-1a171d28a71a
2021-08-06_10-14-31 [main] INFO  com.zaxxer.hikari.HikariDataSource - HikariPool-4 - Starting...
2021-08-06_10-14-31 [main] INFO  com.zaxxer.hikari.HikariDataSource - HikariPool-4 - Start completed.
2021-08-06_10-14-31 [main] INFO  o.s.o.j.LocalContainerEntityManagerFactoryBean - Initialized JPA EntityManagerFactory for persistence unit 'default'
2021-08-06_10-14-31 [main] INFO  o.s.b.a.h.H2ConsoleAutoConfiguration - H2 console available at '/db'. Database available at 'jdbc:h2:mem:ipms_db'
2021-08-06_10-14-31 [main] INFO  o.s.b.a.e.web.EndpointLinksResolver - Exposing 2 endpoint(s) beneath base path '/actuator'
2021-08-06_10-14-31 [main] INFO  s.d.s.w.PropertySourcedRequestMappingHandlerMapping - Mapped URL path [/v2/api-docs] onto method [springfox.documentation.swagger2.web.Swagger2Controller#getDocumentation(String, HttpServletRequest)]
2021-08-06_10-14-31 [main] INFO  o.s.s.c.ThreadPoolTaskExecutor - Initializing ExecutorService 'applicationTaskExecutor'
2021-08-06_10-14-31 [main] INFO  s.d.s.w.p.DocumentationPluginsBootstrapper - Context refreshed
2021-08-06_10-14-31 [main] INFO  s.d.s.w.p.DocumentationPluginsBootstrapper - Found 1 custom documentation plugin(s)
2021-08-06_10-14-31 [main] INFO  s.d.s.w.s.ApiListingReferenceScanner - Scanning for api listing references
2021-08-06_10-14-31 [main] INFO  s.d.s.w.r.o.CachingOperationNameGenerator - Generating unique operation named: handleUsingGET_1
2021-08-06_10-14-31 [main] INFO  s.d.s.w.r.o.CachingOperationNameGenerator - Generating unique operation named: handleUsingGET_2
2021-08-06_10-14-31 [main] INFO  c.c.p.d.c.PensionerDetailControllerMethodTest - Started PensionerDetailControllerMethodTest in 7.666 seconds (JVM running for 86.183)
2021-08-06_10-14-31 [main] INFO  o.s.b.t.c.SpringBootTestContextBootstrapper - Neither @ContextConfiguration nor @ContextHierarchy found for test class [com.cts.pensioner.detail.service.PensionerDetailServiceTest], using SpringBootContextLoader
2021-08-06_10-14-31 [main] INFO  o.s.t.c.s.AbstractContextLoader - Could not detect default resource locations for test class [com.cts.pensioner.detail.service.PensionerDetailServiceTest]: no resource found for suffixes {-context.xml, Context.groovy}.
2021-08-06_10-14-31 [main] INFO  o.s.t.c.s.AnnotationConfigContextLoaderUtils - Could not detect default configuration classes for test class [com.cts.pensioner.detail.service.PensionerDetailServiceTest]: PensionerDetailServiceTest does not declare any static, non-private, non-final, nested classes annotated with @Configuration.
2021-08-06_10-14-31 [main] INFO  o.s.b.t.c.SpringBootTestContextBootstrapper - Found @SpringBootConfiguration com.cts.pensioner.detail.PensionerDetailMicroserviceApplication for test class com.cts.pensioner.detail.service.PensionerDetailServiceTest
2021-08-06_10-14-31 [main] INFO  o.s.b.t.c.SpringBootTestContextBootstrapper - Loaded default TestExecutionListener class names from location [META-INF/spring.factories]: [org.springframework.boot.test.mock.mockito.MockitoTestExecutionListener, org.springframework.boot.test.mock.mockito.ResetMocksTestExecutionListener, org.springframework.boot.test.autoconfigure.restdocs.RestDocsTestExecutionListener, org.springframework.boot.test.autoconfigure.web.client.MockRestServiceServerResetTestExecutionListener, org.springframework.boot.test.autoconfigure.web.servlet.MockMvcPrintOnlyOnFailureTestExecutionListener, org.springframework.boot.test.autoconfigure.web.servlet.WebDriverTestExecutionListener, org.springframework.boot.test.autoconfigure.webservices.client.MockWebServiceServerTestExecutionListener, org.springframework.test.context.web.ServletTestExecutionListener, org.springframework.test.context.support.DirtiesContextBeforeModesTestExecutionListener, org.springframework.test.context.event.ApplicationEventsTestExecutionListener, org.springframework.test.context.support.DependencyInjectionTestExecutionListener, org.springframework.test.context.support.DirtiesContextTestExecutionListener, org.springframework.test.context.transaction.TransactionalTestExecutionListener, org.springframework.test.context.jdbc.SqlScriptsTestExecutionListener, org.springframework.test.context.event.EventPublishingTestExecutionListener]
2021-08-06_10-14-31 [main] INFO  o.s.b.t.c.SpringBootTestContextBootstrapper - Using TestExecutionListeners: [org.springframework.test.context.web.ServletTestExecutionListener@7726d80d, org.springframework.test.context.support.DirtiesContextBeforeModesTestExecutionListener@2a7bc863, org.springframework.test.context.event.ApplicationEventsTestExecutionListener@36214f40, org.springframework.boot.test.mock.mockito.MockitoTestExecutionListener@63369b91, org.springframework.boot.test.autoconfigure.SpringBootDependencyInjectionTestExecutionListener@2291c14a, org.springframework.test.context.support.DirtiesContextTestExecutionListener@565d2dab, org.springframework.test.context.transaction.TransactionalTestExecutionListener@6a3a236f, org.springframework.test.context.jdbc.SqlScriptsTestExecutionListener@3d07c7aa, org.springframework.test.context.event.EventPublishingTestExecutionListener@1130cad1, org.springframework.boot.test.mock.mockito.ResetMocksTestExecutionListener@2e3f9d29, org.springframework.boot.test.autoconfigure.restdocs.RestDocsTestExecutionListener@1525f2da, org.springframework.boot.test.autoconfigure.web.client.MockRestServiceServerResetTestExecutionListener@161c4d43, org.springframework.boot.test.autoconfigure.web.servlet.MockMvcPrintOnlyOnFailureTestExecutionListener@16d7b13, org.springframework.boot.test.autoconfigure.web.servlet.WebDriverTestExecutionListener@53e968c2, org.springframework.boot.test.autoconfigure.webservices.client.MockWebServiceServerTestExecutionListener@69e0e347]
2021-08-06_10-14-31 [SpringContextShutdownHook] INFO  o.s.s.c.ThreadPoolTaskExecutor - Shutting down ExecutorService 'applicationTaskExecutor'
2021-08-06_10-14-31 [SpringContextShutdownHook] INFO  o.s.s.c.ThreadPoolTaskExecutor - Shutting down ExecutorService 'applicationTaskExecutor'
2021-08-06_10-14-31 [SpringContextShutdownHook] INFO  o.s.s.c.ThreadPoolTaskExecutor - Shutting down ExecutorService 'applicationTaskExecutor'
2021-08-06_10-14-31 [SpringContextShutdownHook] INFO  o.s.o.j.LocalContainerEntityManagerFactoryBean - Closing JPA EntityManagerFactory for persistence unit 'default'
2021-08-06_10-14-31 [SpringContextShutdownHook] INFO  o.s.o.j.LocalContainerEntityManagerFactoryBean - Closing JPA EntityManagerFactory for persistence unit 'default'
2021-08-06_10-14-31 [SpringContextShutdownHook] INFO  o.s.o.j.LocalContainerEntityManagerFactoryBean - Closing JPA EntityManagerFactory for persistence unit 'default'
2021-08-06_10-14-31 [SpringContextShutdownHook] INFO  com.zaxxer.hikari.HikariDataSource - HikariPool-4 - Shutdown initiated...
2021-08-06_10-14-31 [SpringContextShutdownHook] INFO  com.zaxxer.hikari.HikariDataSource - HikariPool-1 - Shutdown initiated...
2021-08-06_10-14-31 [SpringContextShutdownHook] INFO  com.zaxxer.hikari.HikariDataSource - HikariPool-4 - Shutdown completed.
2021-08-06_10-14-31 [SpringContextShutdownHook] INFO  com.zaxxer.hikari.HikariDataSource - HikariPool-1 - Shutdown completed.
2021-08-06_10-14-31 [SpringContextShutdownHook] INFO  com.zaxxer.hikari.HikariDataSource - HikariPool-3 - Shutdown initiated...
2021-08-06_10-14-31 [SpringContextShutdownHook] INFO  com.zaxxer.hikari.HikariDataSource - HikariPool-3 - Shutdown completed.
2021-08-06_10-14-31 [SpringContextShutdownHook] INFO  o.s.s.c.ThreadPoolTaskExecutor - Shutting down ExecutorService 'applicationTaskExecutor'
2021-08-06_10-14-31 [SpringContextShutdownHook] INFO  o.s.o.j.LocalContainerEntityManagerFactoryBean - Closing JPA EntityManagerFactory for persistence unit 'default'
2021-08-06_10-14-31 [SpringContextShutdownHook] INFO  com.zaxxer.hikari.HikariDataSource - HikariPool-2 - Shutdown initiated...
2021-08-06_10-14-31 [SpringContextShutdownHook] INFO  com.zaxxer.hikari.HikariDataSource - HikariPool-2 - Shutdown completed.
2021-08-06_10-34-05 [restartedMain] INFO  c.c.p.d.PensionerDetailMicroserviceApplication - Starting PensionerDetailMicroserviceApplication using Java 15.0.2 on LAPTOP-0KPSBF10 with PID 18512 (C:\Users\kisho\OneDrive\Documents\cts\Pension-Management\Pension-Management\Pensioner-Detail-Microservice\target\classes started by Kishore in C:\Users\kisho\OneDrive\Documents\cts\Pension-Management\Pension-Management\Pensioner-Detail-Microservice)
2021-08-06_10-34-05 [restartedMain] INFO  c.c.p.d.PensionerDetailMicroserviceApplication - No active profile set, falling back to default profiles: default
2021-08-06_10-34-05 [restartedMain] INFO  o.s.b.d.e.DevToolsPropertyDefaultsPostProcessor - Devtools property defaults active! Set 'spring.devtools.add-properties' to 'false' to disable
2021-08-06_10-34-05 [restartedMain] INFO  o.s.b.d.e.DevToolsPropertyDefaultsPostProcessor - For additional web related logging consider setting the 'logging.level.web' property to 'DEBUG'
2021-08-06_10-34-05 [restartedMain] INFO  o.s.d.r.c.RepositoryConfigurationDelegate - Bootstrapping Spring Data JPA repositories in DEFAULT mode.
2021-08-06_10-34-05 [restartedMain] INFO  o.s.d.r.c.RepositoryConfigurationDelegate - Finished Spring Data repository scanning in 113 ms. Found 1 JPA repository interfaces.
2021-08-06_10-34-05 [restartedMain] INFO  o.s.cloud.context.scope.GenericScope - BeanFactory id=89d8b1aa-b2bd-3e63-818d-fddc8904c92a
2021-08-06_10-34-05 [restartedMain] INFO  o.s.c.s.PostProcessorRegistrationDelegate$BeanPostProcessorChecker - Bean 'com.cts.pensioner.detail.feignclient.AuthorisingClient' of type [org.springframework.cloud.openfeign.FeignClientFactoryBean] is not eligible for getting processed by all BeanPostProcessors (for example: not eligible for auto-proxying)
2021-08-06_10-34-05 [restartedMain] INFO  o.s.b.w.e.tomcat.TomcatWebServer - Tomcat initialized with port(s): 8200 (http)
2021-08-06_10-34-05 [restartedMain] INFO  o.a.coyote.http11.Http11NioProtocol - Initializing ProtocolHandler ["http-nio-8200"]
2021-08-06_10-34-05 [restartedMain] INFO  o.a.catalina.core.StandardService - Starting service [Tomcat]
2021-08-06_10-34-05 [restartedMain] INFO  o.a.catalina.core.StandardEngine - Starting Servlet engine: [Apache Tomcat/9.0.41]
2021-08-06_10-34-05 [restartedMain] INFO  o.a.c.c.C.[.[localhost].[/pensioner] - Initializing Spring embedded WebApplicationContext
2021-08-06_10-34-05 [restartedMain] INFO  o.s.b.w.s.c.ServletWebServerApplicationContext - Root WebApplicationContext: initialization completed in 6220 ms
2021-08-06_10-34-05 [restartedMain] INFO  com.zaxxer.hikari.HikariDataSource - HikariPool-1 - Starting...
2021-08-06_10-34-05 [restartedMain] INFO  com.zaxxer.hikari.HikariDataSource - HikariPool-1 - Start completed.
2021-08-06_10-34-05 [restartedMain] INFO  o.s.b.a.h.H2ConsoleAutoConfiguration - H2 console available at '/db'. Database available at 'jdbc:h2:mem:ipms_db'
2021-08-06_10-34-05 [restartedMain] INFO  o.s.o.j.LocalContainerEntityManagerFactoryBean - Initialized JPA EntityManagerFactory for persistence unit 'default'
2021-08-06_10-34-05 [restartedMain] INFO  o.s.b.d.a.OptionalLiveReloadServer - LiveReload server is running on port 35729
2021-08-06_10-34-05 [restartedMain] INFO  o.s.b.a.e.web.EndpointLinksResolver - Exposing 2 endpoint(s) beneath base path '/actuator'
2021-08-06_10-34-05 [restartedMain] INFO  s.d.s.w.PropertySourcedRequestMappingHandlerMapping - Mapped URL path [/v2/api-docs] onto method [springfox.documentation.swagger2.web.Swagger2Controller#getDocumentation(String, HttpServletRequest)]
2021-08-06_10-34-05 [restartedMain] INFO  o.s.s.c.ThreadPoolTaskExecutor - Initializing ExecutorService 'applicationTaskExecutor'
2021-08-06_10-34-05 [restartedMain] INFO  o.a.coyote.http11.Http11NioProtocol - Starting ProtocolHandler ["http-nio-8200"]
2021-08-06_10-34-05 [restartedMain] INFO  o.s.b.w.e.tomcat.TomcatWebServer - Tomcat started on port(s): 8200 (http) with context path '/pensioner'
2021-08-06_10-34-05 [restartedMain] INFO  s.d.s.w.p.DocumentationPluginsBootstrapper - Context refreshed
2021-08-06_10-34-05 [restartedMain] INFO  s.d.s.w.p.DocumentationPluginsBootstrapper - Found 1 custom documentation plugin(s)
2021-08-06_10-34-05 [restartedMain] INFO  s.d.s.w.s.ApiListingReferenceScanner - Scanning for api listing references
2021-08-06_10-34-05 [restartedMain] INFO  s.d.s.w.r.o.CachingOperationNameGenerator - Generating unique operation named: handleUsingGET_1
2021-08-06_10-34-05 [restartedMain] INFO  s.d.s.w.r.o.CachingOperationNameGenerator - Generating unique operation named: handleUsingGET_2
2021-08-06_10-34-05 [restartedMain] INFO  c.c.p.d.PensionerDetailMicroserviceApplication - Started PensionerDetailMicroserviceApplication in 19.288 seconds (JVM running for 22.437)
2021-08-06_10-34-05 [RMI TCP Connection(3)-127.0.0.1] INFO  o.a.c.c.C.[.[localhost].[/pensioner] - Initializing Spring DispatcherServlet 'dispatcherServlet'
2021-08-06_10-34-05 [RMI TCP Connection(3)-127.0.0.1] INFO  o.s.web.servlet.DispatcherServlet - Initializing Servlet 'dispatcherServlet'
2021-08-06_10-34-05 [RMI TCP Connection(3)-127.0.0.1] INFO  o.s.web.servlet.DispatcherServlet - Completed initialization in 4 ms
