2021-07-14_21-24-35 [restartedMain] INFO  c.c.p.d.PensionerDetailMicroserviceApplication - Starting PensionerDetailMicroserviceApplication using Java 14.0.2 on LAPTOP-MFH39K67 with PID 14820 (C:\Users\om40011\Desktop\Pension-Management\PensionerDetail-Microservice\target\classes started by om40011 in C:\Users\om40011\Desktop\Pension-Management\PensionerDetail-Microservice)
2021-07-14_21-24-35 [restartedMain] INFO  c.c.p.d.PensionerDetailMicroserviceApplication - No active profile set, falling back to default profiles: default
2021-07-14_21-24-35 [restartedMain] INFO  o.s.b.d.e.DevToolsPropertyDefaultsPostProcessor - Devtools property defaults active! Set 'spring.devtools.add-properties' to 'false' to disable
2021-07-14_21-24-35 [restartedMain] INFO  o.s.b.d.e.DevToolsPropertyDefaultsPostProcessor - For additional web related logging consider setting the 'logging.level.web' property to 'DEBUG'
2021-07-14_21-24-35 [restartedMain] INFO  o.s.d.r.c.RepositoryConfigurationDelegate - Bootstrapping Spring Data JPA repositories in DEFAULT mode.
2021-07-14_21-24-35 [restartedMain] INFO  o.s.d.r.c.RepositoryConfigurationDelegate - Finished Spring Data repository scanning in 116 ms. Found 1 JPA repository interfaces.
2021-07-14_21-24-35 [restartedMain] INFO  o.s.cloud.context.scope.GenericScope - BeanFactory id=dd507a32-ed85-3bf1-b7a7-440fd877206b
2021-07-14_21-24-35 [restartedMain] INFO  o.s.c.s.PostProcessorRegistrationDelegate$BeanPostProcessorChecker - Bean 'com.cts.pensioner.detail.feignclient.AuthorisingClient' of type [org.springframework.cloud.openfeign.FeignClientFactoryBean] is not eligible for getting processed by all BeanPostProcessors (for example: not eligible for auto-proxying)
2021-07-14_21-24-35 [restartedMain] INFO  o.s.b.w.e.tomcat.TomcatWebServer - Tomcat initialized with port(s): 8200 (http)
2021-07-14_21-24-35 [restartedMain] INFO  o.a.coyote.http11.Http11NioProtocol - Initializing ProtocolHandler ["http-nio-8200"]
2021-07-14_21-24-35 [restartedMain] INFO  o.a.catalina.core.StandardService - Starting service [Tomcat]
2021-07-14_21-24-35 [restartedMain] INFO  o.a.catalina.core.StandardEngine - Starting Servlet engine: [Apache Tomcat/9.0.41]
2021-07-14_21-24-35 [restartedMain] INFO  o.a.c.c.C.[.[localhost].[/pensioner] - Initializing Spring embedded WebApplicationContext
2021-07-14_21-24-35 [restartedMain] INFO  o.s.b.w.s.c.ServletWebServerApplicationContext - Root WebApplicationContext: initialization completed in 6285 ms
2021-07-14_21-24-35 [restartedMain] INFO  com.zaxxer.hikari.HikariDataSource - HikariPool-1 - Starting...
2021-07-14_21-24-35 [restartedMain] INFO  com.zaxxer.hikari.HikariDataSource - HikariPool-1 - Start completed.
2021-07-14_21-24-35 [restartedMain] INFO  o.s.b.a.h.H2ConsoleAutoConfiguration - H2 console available at '/db'. Database available at 'jdbc:h2:mem:ipms_db'
2021-07-14_21-24-35 [restartedMain] INFO  o.s.o.j.LocalContainerEntityManagerFactoryBean - Initialized JPA EntityManagerFactory for persistence unit 'default'
2021-07-14_21-24-35 [restartedMain] INFO  o.s.s.c.ThreadPoolTaskExecutor - Initializing ExecutorService 'applicationTaskExecutor'
2021-07-14_21-24-35 [restartedMain] INFO  o.s.b.a.e.web.EndpointLinksResolver - Exposing 2 endpoint(s) beneath base path '/actuator'
2021-07-14_21-24-35 [restartedMain] INFO  o.a.coyote.http11.Http11NioProtocol - Starting ProtocolHandler ["http-nio-8200"]
2021-07-14_21-24-35 [restartedMain] INFO  o.s.b.w.e.tomcat.TomcatWebServer - Tomcat started on port(s): 8200 (http) with context path '/pensioner'
2021-07-14_21-24-35 [restartedMain] INFO  c.c.p.d.PensionerDetailMicroserviceApplication - Started PensionerDetailMicroserviceApplication in 13.738 seconds (JVM running for 16.362)
2021-07-14_21-29-54 [restartedMain] INFO  c.c.p.d.PensionerDetailMicroserviceApplication - Starting PensionerDetailMicroserviceApplication using Java 14.0.2 on LAPTOP-MFH39K67 with PID 12860 (C:\Users\om40011\Desktop\Pension-Management\PensionerDetail-Microservice\target\classes started by om40011 in C:\Users\om40011\Desktop\Pension-Management\PensionerDetail-Microservice)
2021-07-14_21-29-54 [restartedMain] INFO  c.c.p.d.PensionerDetailMicroserviceApplication - No active profile set, falling back to default profiles: default
2021-07-14_21-29-54 [restartedMain] INFO  o.s.b.d.e.DevToolsPropertyDefaultsPostProcessor - Devtools property defaults active! Set 'spring.devtools.add-properties' to 'false' to disable
2021-07-14_21-29-54 [restartedMain] INFO  o.s.b.d.e.DevToolsPropertyDefaultsPostProcessor - For additional web related logging consider setting the 'logging.level.web' property to 'DEBUG'
2021-07-14_21-29-54 [restartedMain] INFO  o.s.d.r.c.RepositoryConfigurationDelegate - Bootstrapping Spring Data JPA repositories in DEFAULT mode.
2021-07-14_21-29-54 [restartedMain] INFO  o.s.d.r.c.RepositoryConfigurationDelegate - Finished Spring Data repository scanning in 132 ms. Found 1 JPA repository interfaces.
2021-07-14_21-29-54 [restartedMain] INFO  o.s.cloud.context.scope.GenericScope - BeanFactory id=dd507a32-ed85-3bf1-b7a7-440fd877206b
2021-07-14_21-29-54 [restartedMain] INFO  o.s.c.s.PostProcessorRegistrationDelegate$BeanPostProcessorChecker - Bean 'com.cts.pensioner.detail.feignclient.AuthorisingClient' of type [org.springframework.cloud.openfeign.FeignClientFactoryBean] is not eligible for getting processed by all BeanPostProcessors (for example: not eligible for auto-proxying)
2021-07-14_21-29-54 [restartedMain] INFO  o.s.b.w.e.tomcat.TomcatWebServer - Tomcat initialized with port(s): 8200 (http)
2021-07-14_21-29-54 [restartedMain] INFO  o.a.coyote.http11.Http11NioProtocol - Initializing ProtocolHandler ["http-nio-8200"]
2021-07-14_21-29-54 [restartedMain] INFO  o.a.catalina.core.StandardService - Starting service [Tomcat]
2021-07-14_21-29-54 [restartedMain] INFO  o.a.catalina.core.StandardEngine - Starting Servlet engine: [Apache Tomcat/9.0.41]
2021-07-14_21-29-54 [restartedMain] INFO  o.a.c.c.C.[.[localhost].[/pensioner] - Initializing Spring embedded WebApplicationContext
2021-07-14_21-29-54 [restartedMain] INFO  o.s.b.w.s.c.ServletWebServerApplicationContext - Root WebApplicationContext: initialization completed in 3585 ms
2021-07-14_21-29-54 [restartedMain] INFO  com.zaxxer.hikari.HikariDataSource - HikariPool-1 - Starting...
2021-07-14_21-29-54 [restartedMain] INFO  com.zaxxer.hikari.HikariDataSource - HikariPool-1 - Start completed.
2021-07-14_21-29-54 [restartedMain] INFO  o.s.b.a.h.H2ConsoleAutoConfiguration - H2 console available at '/db'. Database available at 'jdbc:h2:mem:ipms_db'
2021-07-14_21-29-54 [restartedMain] INFO  o.s.o.j.LocalContainerEntityManagerFactoryBean - Initialized JPA EntityManagerFactory for persistence unit 'default'
2021-07-14_21-29-54 [restartedMain] INFO  o.s.s.c.ThreadPoolTaskExecutor - Initializing ExecutorService 'applicationTaskExecutor'
2021-07-14_21-29-54 [restartedMain] INFO  o.s.b.a.e.web.EndpointLinksResolver - Exposing 2 endpoint(s) beneath base path '/actuator'
2021-07-14_21-29-54 [restartedMain] INFO  o.a.coyote.http11.Http11NioProtocol - Starting ProtocolHandler ["http-nio-8200"]
2021-07-14_21-29-54 [restartedMain] INFO  o.s.s.c.ThreadPoolTaskExecutor - Shutting down ExecutorService 'applicationTaskExecutor'
2021-07-14_21-29-54 [restartedMain] INFO  o.s.o.j.LocalContainerEntityManagerFactoryBean - Closing JPA EntityManagerFactory for persistence unit 'default'
2021-07-14_21-29-54 [restartedMain] INFO  com.zaxxer.hikari.HikariDataSource - HikariPool-1 - Shutdown initiated...
2021-07-14_21-29-54 [restartedMain] INFO  com.zaxxer.hikari.HikariDataSource - HikariPool-1 - Shutdown completed.
2021-07-14_21-29-54 [restartedMain] INFO  o.a.coyote.http11.Http11NioProtocol - Pausing ProtocolHandler ["http-nio-8200"]
2021-07-14_21-29-54 [restartedMain] INFO  o.a.catalina.core.StandardService - Stopping service [Tomcat]
2021-07-14_21-29-54 [restartedMain] INFO  o.a.coyote.http11.Http11NioProtocol - Stopping ProtocolHandler ["http-nio-8200"]
2021-07-14_21-29-54 [restartedMain] INFO  o.a.coyote.http11.Http11NioProtocol - Destroying ProtocolHandler ["http-nio-8200"]
2021-07-14_21-29-54 [restartedMain] INFO  o.s.b.a.l.ConditionEvaluationReportLoggingListener - 

Error starting ApplicationContext. To display the conditions report re-run your application with 'debug' enabled.
